[0115/181847.283:ERROR:filesystem_win.cc(129)] GetFileAttributes C:\Users\uzias\AppData\Local\Google\Chrome\User Data\Crashpad\attachments\c5221fe8-6796-4f1f-9626-5e60c03bb80c: The system cannot find the path specified. (0x3)
[0115/182711.094:ERROR:directory_reader_win.cc(43)] FindFirstFile: The system cannot find the path specified. (0x3)
[0117/235439.625:ERROR:directory_reader_win.cc(43)] FindFirstFile: The system cannot find the path specified. (0x3)
[0118/191042.417:ERROR:file_io.cc(90)] ReadExactly: expected 36, observed 0
[0119/190547.264:ERROR:directory_reader_win.cc(43)] FindFirstFile: The system cannot find the path specified. (0x3)
[0121/231150.772:ERROR:directory_reader_win.cc(43)] FindFirstFile: The system cannot find the path specified. (0x3)
[0123/205358.603:ERROR:directory_reader_win.cc(43)] FindFirstFile: The system cannot find the path specified. (0x3)
[0126/135833.801:ERROR:process_info.cc(118)] ReadProcessMemory bool __cdecl crashpad::(anonymous namespace)::ReadStruct(HANDLE, crashpad::WinVMAddress, T *) [T = crashpad::process_types::PEB<crashpad::process_types::internal::Traits64>]: Only part of a ReadProcessMemory or WriteProcessMemory request was completed. (0x12B)
[0126/135834.434:ERROR:process_info.cc(551)] ReadProcessData failed
[0126/135833.802:ERROR:process_info.cc(118)] ReadProcessMemory bool __cdecl crashpad::(anonymous namespace)::ReadStruct(HANDLE, crashpad::WinVMAddress, T *) [T = crashpad::process_types::PEB<crashpad::process_types::internal::Traits64>]: Only part of a ReadProcessMemory or WriteProcessMemory request was completed. (0x12B)
[0126/135834.435:ERROR:process_info.cc(551)] ReadProcessData failed
[0126/135834.694:ERROR:process_memory_win.cc(73)] ReadMemory at 0x7ffc20691eb0 of 12 bytes failed: Only part of a ReadProcessMemory or WriteProcessMemory request was completed. (0x12B)
[0126/135834.694:WARNING:process_snapshot_win.cc(71)] ReadMemory ExceptionInformation failed
[0126/135834.694:ERROR:process_memory_win.cc(73)] ReadMemory at 0x7ffc20691eb0 of 12 bytes failed: Only part of a ReadProcessMemory or WriteProcessMemory request was completed. (0x12B)
[0126/135834.694:WARNING:process_snapshot_win.cc(71)] ReadMemory ExceptionInformation failed
[0126/135834.697:ERROR:process_reader_win.cc(151)] SuspendThread: Access is denied. (0x5)
[0126/135834.697:ERROR:process_reader_win.cc(151)] SuspendThread: Access is denied. (0x5)
[0126/135834.697:ERROR:process_reader_win.cc(151)] SuspendThread: Access is denied. (0x5)
[0126/135834.697:ERROR:process_reader_win.cc(151)] SuspendThread: Access is denied. (0x5)
[0126/135834.697:ERROR:process_reader_win.cc(151)] SuspendThread: Access is denied. (0x5)
[0126/135834.697:ERROR:process_reader_win.cc(151)] SuspendThread: Access is denied. (0x5)
[0126/135834.697:ERROR:process_reader_win.cc(151)] SuspendThread: Access is denied. (0x5)
[0126/135834.697:ERROR:process_reader_win.cc(151)] SuspendThread: Access is denied. (0x5)
[0126/135834.697:ERROR:process_reader_win.cc(151)] SuspendThread: Access is denied. (0x5)
[0126/135834.697:ERROR:process_reader_win.cc(151)] SuspendThread: Access is denied. (0x5)
[0126/135834.697:ERROR:process_reader_win.cc(151)] SuspendThread: Access is denied. (0x5)
[0126/135834.697:ERROR:process_reader_win.cc(151)] SuspendThread: Access is denied. (0x5)
[0126/135834.697:ERROR:process_reader_win.cc(151)] SuspendThread: Access is denied. (0x5)
[0126/135834.697:ERROR:exception_snapshot_win.cc(99)] thread ID 29340 not found in process
[0126/135834.697:ERROR:process_reader_win.cc(151)] SuspendThread: Access is denied. (0x5)
[0126/135834.697:ERROR:process_reader_win.cc(151)] SuspendThread: Access is denied. (0x5)
[0126/135834.697:ERROR:exception_snapshot_win.cc(99)] thread ID 21928 not found in process
[0126/135834.435:ERROR:scoped_process_suspend.cc(40)] NtResumeProcess: An attempt was made to access an exiting process. (0xc000010a)
[0126/135834.694:ERROR:scoped_process_suspend.cc(40)] NtResumeProcess: An attempt was made to access an exiting process. (0xc000010a)
[0126/135834.698:ERROR:scoped_process_suspend.cc(31)] NtSuspendProcess: An attempt was made to access an exiting process. (0xc000010a)
[0126/135834.698:ERROR:scoped_process_suspend.cc(31)] NtSuspendProcess: An attempt was made to access an exiting process. (0xc000010a)
[0126/135834.878:ERROR:scoped_process_suspend.cc(31)] NtSuspendProcess: An attempt was made to access an exiting process. (0xc000010a)
[0126/135834.694:ERROR:scoped_process_suspend.cc(40)] NtResumeProcess: An attempt was made to access an exiting process. (0xc000010a)
[0126/135835.032:ERROR:process_info.cc(118)] ReadProcessMemory bool __cdecl crashpad::(anonymous namespace)::ReadStruct(HANDLE, crashpad::WinVMAddress, T *) [T = crashpad::process_types::PEB<crashpad::process_types::internal::Traits64>]: Only part of a ReadProcessMemory or WriteProcessMemory request was completed. (0x12B)
[0126/135834.877:ERROR:scoped_process_suspend.cc(31)] NtSuspendProcess: An attempt was made to access an exiting process. (0xc000010a)
[0126/135834.877:ERROR:scoped_process_suspend.cc(31)] NtSuspendProcess: An attempt was made to access an exiting process. (0xc000010a)
[0126/135835.032:ERROR:process_info.cc(118)] ReadProcessMemory bool __cdecl crashpad::(anonymous namespace)::ReadStruct(HANDLE, crashpad::WinVMAddress, T *) [T = crashpad::process_types::PEB<crashpad::process_types::internal::Traits64>]: Only part of a ReadProcessMemory or WriteProcessMemory request was completed. (0x12B)
[0126/135835.032:ERROR:process_info.cc(118)] ReadProcessMemory bool __cdecl crashpad::(anonymous namespace)::ReadStruct(HANDLE, crashpad::WinVMAddress, T *) [T = crashpad::process_types::PEB<crashpad::process_types::internal::Traits64>]: Only part of a ReadProcessMemory or WriteProcessMemory request was completed. (0x12B)
[0126/135834.940:ERROR:process_reader_win.cc(151)] SuspendThread: Access is denied. (0x5)
[0126/135834.940:ERROR:process_reader_win.cc(151)] SuspendThread: Access is denied. (0x5)
[0126/135835.032:ERROR:exception_snapshot_win.cc(99)] thread ID 17052 not found in process
[0126/135835.032:ERROR:process_reader_win.cc(151)] SuspendThread: Access is denied. (0x5)
[0126/135835.032:ERROR:process_reader_win.cc(151)] SuspendThread: Access is denied. (0x5)
[0126/135835.032:ERROR:scoped_process_suspend.cc(40)] NtResumeProcess: An attempt was made to access an exiting process. (0xc000010a)
[0126/135835.032:ERROR:process_reader_win.cc(151)] SuspendThread: Access is denied. (0x5)
[0126/135834.944:ERROR:process_reader_win.cc(151)] SuspendThread: Access is denied. (0x5)
[0126/135835.032:ERROR:process_reader_win.cc(151)] SuspendThread: Access is denied. (0x5)
[0126/135835.032:ERROR:process_reader_win.cc(151)] SuspendThread: Access is denied. (0x5)
[0126/135835.032:ERROR:process_reader_win.cc(151)] SuspendThread: Access is denied. (0x5)
[0126/135835.032:ERROR:process_reader_win.cc(151)] SuspendThread: Access is denied. (0x5)
[0126/135835.032:ERROR:process_reader_win.cc(151)] SuspendThread: Access is denied. (0x5)
[0126/135835.032:ERROR:process_reader_win.cc(151)] SuspendThread: Access is denied. (0x5)
[0126/135835.032:ERROR:process_reader_win.cc(151)] SuspendThread: Access is denied. (0x5)
[0126/135835.032:ERROR:process_reader_win.cc(151)] SuspendThread: Access is denied. (0x5)
[0126/135835.032:ERROR:process_reader_win.cc(151)] SuspendThread: Access is denied. (0x5)
[0126/135835.032:ERROR:process_reader_win.cc(151)] SuspendThread: Access is denied. (0x5)
[0126/135834.949:ERROR:process_reader_win.cc(151)] SuspendThread: Access is denied. (0x5)
[0126/135835.032:ERROR:process_reader_win.cc(151)] SuspendThread: Access is denied. (0x5)
[0126/135835.032:ERROR:process_reader_win.cc(151)] SuspendThread: Access is denied. (0x5)
[0126/135835.032:ERROR:process_reader_win.cc(151)] SuspendThread: Access is denied. (0x5)
[0126/135835.032:ERROR:process_reader_win.cc(151)] SuspendThread: Access is denied. (0x5)
[0126/135835.032:ERROR:process_reader_win.cc(151)] SuspendThread: Access is denied. (0x5)
[0126/135835.032:ERROR:process_reader_win.cc(151)] SuspendThread: Access is denied. (0x5)
[0126/135835.033:ERROR:process_reader_win.cc(151)] SuspendThread: Access is denied. (0x5)
[0126/135835.033:ERROR:process_reader_win.cc(151)] SuspendThread: Access is denied. (0x5)
[0126/135835.033:ERROR:process_reader_win.cc(151)] SuspendThread: Access is denied. (0x5)
[0126/135834.950:ERROR:process_reader_win.cc(151)] SuspendThread: Access is denied. (0x5)
[0126/135835.033:ERROR:process_reader_win.cc(151)] SuspendThread: Access is denied. (0x5)
[0126/135835.033:ERROR:process_reader_win.cc(151)] SuspendThread: Access is denied. (0x5)
[0126/135835.033:ERROR:process_reader_win.cc(151)] SuspendThread: Access is denied. (0x5)
[0126/135835.033:ERROR:process_reader_win.cc(151)] SuspendThread: Access is denied. (0x5)
[0126/135835.033:ERROR:exception_snapshot_win.cc(99)] thread ID 23988 not found in process
[0126/135835.033:ERROR:process_reader_win.cc(151)] SuspendThread: Access is denied. (0x5)
[0126/135835.032:ERROR:exception_snapshot_win.cc(99)] thread ID 31352 not found in process
[0126/135835.033:ERROR:process_reader_win.cc(151)] SuspendThread: Access is denied. (0x5)
[0126/135835.033:ERROR:process_reader_win.cc(151)] SuspendThread: Access is denied. (0x5)
[0126/135835.033:ERROR:process_reader_win.cc(151)] SuspendThread: Access is denied. (0x5)
[0126/135835.033:ERROR:exception_snapshot_win.cc(99)] thread ID 5072 not found in process
[0126/135834.954:ERROR:process_reader_win.cc(151)] SuspendThread: Access is denied. (0x5)
[0126/135835.033:ERROR:exception_snapshot_win.cc(99)] thread ID 18248 not found in process
[0126/135835.033:ERROR:process_reader_win.cc(151)] SuspendThread: Access is denied. (0x5)
[0126/135835.033:ERROR:process_reader_win.cc(151)] SuspendThread: Access is denied. (0x5)
[0126/135835.033:ERROR:process_reader_win.cc(151)] SuspendThread: Access is denied. (0x5)
[0126/135835.033:ERROR:process_reader_win.cc(151)] SuspendThread: Access is denied. (0x5)
[0126/135835.033:ERROR:process_reader_win.cc(151)] SuspendThread: Access is denied. (0x5)
[0126/135835.033:ERROR:process_reader_win.cc(151)] SuspendThread: Access is denied. (0x5)
[0126/135835.033:ERROR:exception_snapshot_win.cc(99)] thread ID 21192 not found in process
[0126/135834.956:ERROR:process_reader_win.cc(151)] SuspendThread: Access is denied. (0x5)
[0126/135834.958:ERROR:process_reader_win.cc(151)] SuspendThread: Access is denied. (0x5)
[0126/135834.959:ERROR:process_reader_win.cc(151)] SuspendThread: Access is denied. (0x5)
[0126/135835.034:ERROR:process_reader_win.cc(151)] SuspendThread: Access is denied. (0x5)
[0126/135835.034:ERROR:exception_snapshot_win.cc(99)] thread ID 3736 not found in process
[0126/135835.034:ERROR:exception_snapshot_win.cc(99)] thread ID 27188 not found in process
[0126/135835.034:ERROR:process_reader_win.cc(151)] SuspendThread: Access is denied. (0x5)
[0126/135835.034:ERROR:scoped_process_suspend.cc(40)] NtResumeProcess: An attempt was made to access an exiting process. (0xc000010a)
[0126/135834.960:ERROR:process_reader_win.cc(151)] SuspendThread: Access is denied. (0x5)
[0126/135835.034:ERROR:scoped_process_suspend.cc(40)] NtResumeProcess: An attempt was made to access an exiting process. (0xc000010a)
[0126/135835.034:ERROR:process_reader_win.cc(151)] SuspendThread: Access is denied. (0x5)
[0126/135834.963:ERROR:process_reader_win.cc(151)] SuspendThread: Access is denied. (0x5)
[0126/135835.034:ERROR:process_reader_win.cc(151)] SuspendThread: Access is denied. (0x5)
[0126/135835.034:ERROR:process_reader_win.cc(151)] SuspendThread: Access is denied. (0x5)
[0126/135835.034:ERROR:process_reader_win.cc(151)] SuspendThread: Access is denied. (0x5)
[0126/135835.034:ERROR:process_reader_win.cc(151)] SuspendThread: Access is denied. (0x5)
[0126/135835.034:ERROR:process_reader_win.cc(151)] SuspendThread: Access is denied. (0x5)
[0126/135835.034:ERROR:process_reader_win.cc(151)] SuspendThread: Access is denied. (0x5)
[0126/135835.034:ERROR:process_reader_win.cc(151)] SuspendThread: Access is denied. (0x5)
[0126/135835.034:ERROR:process_reader_win.cc(151)] SuspendThread: Access is denied. (0x5)
[0126/135835.034:ERROR:process_reader_win.cc(151)] SuspendThread: Access is denied. (0x5)
[0126/135835.034:ERROR:process_reader_win.cc(151)] SuspendThread: Access is denied. (0x5)
[0126/135835.034:ERROR:process_reader_win.cc(151)] SuspendThread: Access is denied. (0x5)
[0126/135835.034:ERROR:process_reader_win.cc(151)] SuspendThread: Access is denied. (0x5)
[0126/135835.034:ERROR:process_reader_win.cc(151)] SuspendThread: Access is denied. (0x5)
[0126/135835.034:ERROR:exception_snapshot_win.cc(99)] thread ID 22184 not found in process
[0126/135834.965:ERROR:process_reader_win.cc(151)] SuspendThread: Access is denied. (0x5)
[0126/135835.034:ERROR:process_reader_win.cc(151)] SuspendThread: Access is denied. (0x5)
[0126/135835.034:ERROR:process_reader_win.cc(151)] SuspendThread: Access is denied. (0x5)
[0126/135835.034:ERROR:process_reader_win.cc(151)] SuspendThread: Access is denied. (0x5)
[0126/135835.034:ERROR:process_reader_win.cc(151)] SuspendThread: Access is denied. (0x5)
[0126/135835.034:ERROR:process_reader_win.cc(151)] SuspendThread: Access is denied. (0x5)
[0126/135835.034:ERROR:process_reader_win.cc(151)] SuspendThread: Access is denied. (0x5)
[0126/135835.034:ERROR:process_reader_win.cc(151)] SuspendThread: Access is denied. (0x5)
[0126/135835.034:ERROR:exception_snapshot_win.cc(99)] thread ID 3676 not found in process
[0126/135835.034:ERROR:process_reader_win.cc(151)] SuspendThread: Access is denied. (0x5)
[0126/135835.034:ERROR:exception_snapshot_win.cc(99)] thread ID 26280 not found in process
[0126/135834.965:ERROR:process_reader_win.cc(151)] SuspendThread: Access is denied. (0x5)
[0126/135835.035:ERROR:process_reader_win.cc(151)] SuspendThread: Access is denied. (0x5)
[0126/135835.035:ERROR:process_reader_win.cc(151)] SuspendThread: Access is denied. (0x5)
[0126/135835.035:ERROR:process_reader_win.cc(151)] SuspendThread: Access is denied. (0x5)
[0126/135835.035:ERROR:process_reader_win.cc(151)] SuspendThread: Access is denied. (0x5)
[0126/135835.035:ERROR:process_reader_win.cc(151)] SuspendThread: Access is denied. (0x5)
[0126/135835.035:ERROR:process_reader_win.cc(151)] SuspendThread: Access is denied. (0x5)
[0126/135834.968:ERROR:process_reader_win.cc(151)] SuspendThread: Access is denied. (0x5)
[0126/135835.035:ERROR:process_reader_win.cc(151)] SuspendThread: Access is denied. (0x5)
[0126/135835.035:ERROR:process_reader_win.cc(151)] SuspendThread: Access is denied. (0x5)
[0126/135834.969:ERROR:process_reader_win.cc(151)] SuspendThread: Access is denied. (0x5)
[0126/135835.035:ERROR:process_reader_win.cc(151)] SuspendThread: Access is denied. (0x5)
[0126/135835.035:ERROR:process_reader_win.cc(151)] SuspendThread: Access is denied. (0x5)
[0126/135835.035:ERROR:process_reader_win.cc(151)] SuspendThread: Access is denied. (0x5)
[0126/135835.035:ERROR:process_reader_win.cc(151)] SuspendThread: Access is denied. (0x5)
[0126/135835.035:ERROR:process_reader_win.cc(151)] SuspendThread: Access is denied. (0x5)
[0126/135835.035:ERROR:process_reader_win.cc(151)] SuspendThread: Access is denied. (0x5)
[0126/135835.035:ERROR:process_reader_win.cc(151)] SuspendThread: Access is denied. (0x5)
[0126/135835.035:ERROR:process_reader_win.cc(151)] SuspendThread: Access is denied. (0x5)
[0126/135835.035:ERROR:process_reader_win.cc(151)] SuspendThread: Access is denied. (0x5)
[0126/135835.035:ERROR:process_reader_win.cc(151)] SuspendThread: Access is denied. (0x5)
[0126/135835.035:ERROR:process_reader_win.cc(151)] SuspendThread: Access is denied. (0x5)
[0126/135835.035:ERROR:process_reader_win.cc(151)] SuspendThread: Access is denied. (0x5)
[0126/135835.035:ERROR:process_reader_win.cc(151)] SuspendThread: Access is denied. (0x5)
[0126/135834.973:ERROR:process_reader_win.cc(151)] SuspendThread: Access is denied. (0x5)
[0126/135835.035:ERROR:process_reader_win.cc(151)] SuspendThread: Access is denied. (0x5)
[0126/135834.979:ERROR:process_reader_win.cc(151)] SuspendThread: Access is denied. (0x5)
[0126/135835.035:ERROR:exception_snapshot_win.cc(99)] thread ID 28220 not found in process
[0126/135834.987:ERROR:process_reader_win.cc(151)] SuspendThread: Access is denied. (0x5)
[0126/135835.032:ERROR:process_info.cc(118)] ReadProcessMemory bool __cdecl crashpad::(anonymous namespace)::ReadStruct(HANDLE, crashpad::WinVMAddress, T *) [T = crashpad::process_types::PEB<crashpad::process_types::internal::Traits64>]: Only part of a ReadProcessMemory or WriteProcessMemory request was completed. (0x12B)
[0126/135835.035:ERROR:process_reader_win.cc(151)] SuspendThread: Access is denied. (0x5)
[0126/135835.036:ERROR:process_reader_win.cc(151)] SuspendThread: Access is denied. (0x5)
[0126/135835.036:ERROR:process_reader_win.cc(151)] SuspendThread: Access is denied. (0x5)
[0126/135835.036:ERROR:process_reader_win.cc(151)] SuspendThread: Access is denied. (0x5)
[0126/135835.036:ERROR:process_reader_win.cc(151)] SuspendThread: Access is denied. (0x5)
[0126/135835.036:ERROR:process_reader_win.cc(151)] SuspendThread: Access is denied. (0x5)
[0126/135835.036:ERROR:process_reader_win.cc(151)] SuspendThread: Access is denied. (0x5)
[0126/135835.036:ERROR:process_reader_win.cc(151)] SuspendThread: Access is denied. (0x5)
[0126/135835.036:ERROR:exception_snapshot_win.cc(99)] thread ID 30696 not found in process
[0126/135835.036:ERROR:process_info.cc(551)] ReadProcessData failed
[0126/135835.035:ERROR:process_reader_win.cc(151)] SuspendThread: Access is denied. (0x5)
[0126/135835.037:ERROR:process_reader_win.cc(151)] SuspendThread: Access is denied. (0x5)
[0126/135835.037:ERROR:process_reader_win.cc(151)] SuspendThread: Access is denied. (0x5)
[0126/135835.037:ERROR:process_reader_win.cc(151)] SuspendThread: Access is denied. (0x5)
[0126/135835.037:ERROR:process_reader_win.cc(151)] SuspendThread: Access is denied. (0x5)
[0126/135835.037:ERROR:process_reader_win.cc(151)] SuspendThread: Access is denied. (0x5)
[0126/135835.037:ERROR:exception_snapshot_win.cc(99)] thread ID 23728 not found in process
[0126/135834.435:ERROR:scoped_process_suspend.cc(40)] NtResumeProcess: An attempt was made to access an exiting process. (0xc000010a)
[0126/135835.032:ERROR:process_info.cc(551)] ReadProcessData failed
[0126/135835.032:ERROR:process_info.cc(551)] ReadProcessData failed
[0126/135835.035:ERROR:exception_snapshot_win.cc(99)] thread ID 28712 not found in process
[0126/135834.878:ERROR:scoped_process_suspend.cc(31)] NtSuspendProcess: An attempt was made to access an exiting process. (0xc000010a)
[0126/135835.053:ERROR:process_reader_win.cc(151)] SuspendThread: Access is denied. (0x5)
[0126/135835.053:ERROR:process_reader_win.cc(151)] SuspendThread: Access is denied. (0x5)
[0126/135835.053:ERROR:process_reader_win.cc(151)] SuspendThread: Access is denied. (0x5)
[0126/135835.053:ERROR:process_reader_win.cc(151)] SuspendThread: Access is denied. (0x5)
[0126/135835.053:ERROR:process_reader_win.cc(151)] SuspendThread: Access is denied. (0x5)
[0126/135835.053:ERROR:process_reader_win.cc(151)] SuspendThread: Access is denied. (0x5)
[0126/135835.053:ERROR:process_reader_win.cc(151)] SuspendThread: Access is denied. (0x5)
[0126/135835.053:ERROR:process_reader_win.cc(151)] SuspendThread: Access is denied. (0x5)
[0126/135835.053:ERROR:exception_snapshot_win.cc(99)] thread ID 8412 not found in process
[0126/135834.940:ERROR:process_reader_win.cc(151)] SuspendThread: Access is denied. (0x5)
[0126/135835.053:ERROR:process_reader_win.cc(151)] SuspendThread: Access is denied. (0x5)
[0126/135835.053:ERROR:process_reader_win.cc(151)] SuspendThread: Access is denied. (0x5)
[0126/135835.053:ERROR:process_reader_win.cc(151)] SuspendThread: Access is denied. (0x5)
[0126/135835.053:ERROR:process_reader_win.cc(151)] SuspendThread: Access is denied. (0x5)
[0126/135835.053:ERROR:process_reader_win.cc(151)] SuspendThread: Access is denied. (0x5)
[0126/135835.053:ERROR:process_reader_win.cc(151)] SuspendThread: Access is denied. (0x5)
[0126/135835.053:ERROR:process_reader_win.cc(151)] SuspendThread: Access is denied. (0x5)
[0126/135835.053:ERROR:exception_snapshot_win.cc(99)] thread ID 21716 not found in process
[0126/135835.032:ERROR:process_info.cc(551)] ReadProcessData failed
[0126/135834.951:ERROR:process_reader_win.cc(151)] SuspendThread: Access is denied. (0x5)
[0126/135835.054:ERROR:exception_snapshot_win.cc(99)] thread ID 11464 not found in process
[0126/135834.953:ERROR:process_reader_win.cc(151)] SuspendThread: Access is denied. (0x5)
[0126/135835.054:ERROR:exception_snapshot_win.cc(99)] thread ID 20076 not found in process
[0126/135835.054:ERROR:scoped_process_suspend.cc(40)] NtResumeProcess: An attempt was made to access an exiting process. (0xc000010a)
[0126/135835.034:ERROR:process_reader_win.cc(151)] SuspendThread: Access is denied. (0x5)
[0126/135835.054:ERROR:process_reader_win.cc(151)] SuspendThread: Access is denied. (0x5)
[0126/135835.054:ERROR:process_reader_win.cc(151)] SuspendThread: Access is denied. (0x5)
[0126/135835.054:ERROR:process_reader_win.cc(151)] SuspendThread: Access is denied. (0x5)
[0126/135835.054:ERROR:process_reader_win.cc(151)] SuspendThread: Access is denied. (0x5)
[0126/135835.055:ERROR:exception_snapshot_win.cc(99)] thread ID 21944 not found in process
[0126/135834.962:ERROR:process_reader_win.cc(151)] SuspendThread: Access is denied. (0x5)
[0126/135835.055:ERROR:process_reader_win.cc(151)] SuspendThread: Access is denied. (0x5)
[0126/135835.055:ERROR:process_reader_win.cc(151)] SuspendThread: Access is denied. (0x5)
[0126/135835.055:ERROR:process_reader_win.cc(151)] SuspendThread: Access is denied. (0x5)
[0126/135835.055:ERROR:process_reader_win.cc(151)] SuspendThread: Access is denied. (0x5)
[0126/135835.055:ERROR:process_reader_win.cc(151)] SuspendThread: Access is denied. (0x5)
[0126/135835.055:ERROR:process_reader_win.cc(151)] SuspendThread: Access is denied. (0x5)
[0126/135835.055:ERROR:process_reader_win.cc(151)] SuspendThread: Access is denied. (0x5)
[0126/135835.055:ERROR:exception_snapshot_win.cc(99)] thread ID 8804 not found in process
[0126/135835.035:ERROR:exception_snapshot_win.cc(99)] thread ID 10700 not found in process
[0126/135835.035:ERROR:process_reader_win.cc(151)] SuspendThread: Access is denied. (0x5)
[0126/135835.055:ERROR:process_reader_win.cc(151)] SuspendThread: Access is denied. (0x5)
[0126/135835.055:ERROR:process_reader_win.cc(151)] SuspendThread: Access is denied. (0x5)
[0126/135835.055:ERROR:process_reader_win.cc(151)] SuspendThread: Access is denied. (0x5)
[0126/135835.055:ERROR:process_reader_win.cc(151)] SuspendThread: Access is denied. (0x5)
[0126/135835.055:ERROR:process_reader_win.cc(151)] SuspendThread: Access is denied. (0x5)
[0126/135835.055:ERROR:process_reader_win.cc(151)] SuspendThread: Access is denied. (0x5)
[0126/135835.055:ERROR:process_reader_win.cc(151)] SuspendThread: Access is denied. (0x5)
[0126/135834.968:ERROR:process_reader_win.cc(151)] SuspendThread: Access is denied. (0x5)
[0126/135835.056:ERROR:exception_snapshot_win.cc(99)] thread ID 31644 not found in process
[0126/135835.056:ERROR:process_reader_win.cc(151)] SuspendThread: Access is denied. (0x5)
[0126/135835.056:ERROR:process_reader_win.cc(151)] SuspendThread: Access is denied. (0x5)
[0126/135835.056:ERROR:process_reader_win.cc(151)] SuspendThread: Access is denied. (0x5)
[0126/135835.056:ERROR:process_reader_win.cc(151)] SuspendThread: Access is denied. (0x5)
[0126/135835.056:ERROR:process_reader_win.cc(151)] SuspendThread: Access is denied. (0x5)
[0126/135835.056:ERROR:process_reader_win.cc(151)] SuspendThread: Access is denied. (0x5)
[0126/135835.056:ERROR:process_reader_win.cc(151)] SuspendThread: Access is denied. (0x5)
[0126/135835.056:ERROR:exception_snapshot_win.cc(99)] thread ID 31600 not found in process
[0126/135834.969:ERROR:process_reader_win.cc(151)] SuspendThread: Access is denied. (0x5)
[0126/135835.056:ERROR:process_reader_win.cc(151)] SuspendThread: Access is denied. (0x5)
[0126/135835.056:ERROR:process_reader_win.cc(151)] SuspendThread: Access is denied. (0x5)
[0126/135835.056:ERROR:process_reader_win.cc(151)] SuspendThread: Access is denied. (0x5)
[0126/135835.056:ERROR:process_reader_win.cc(151)] SuspendThread: Access is denied. (0x5)
[0126/135835.056:ERROR:process_reader_win.cc(151)] SuspendThread: Access is denied. (0x5)
[0126/135835.056:ERROR:process_reader_win.cc(151)] SuspendThread: Access is denied. (0x5)
[0126/135835.056:ERROR:process_reader_win.cc(151)] SuspendThread: Access is denied. (0x5)
[0126/135835.056:ERROR:process_reader_win.cc(151)] SuspendThread: Access is denied. (0x5)
[0126/135835.057:ERROR:process_reader_win.cc(151)] SuspendThread: Access is denied. (0x5)
[0126/135835.057:ERROR:exception_snapshot_win.cc(99)] thread ID 31216 not found in process
[0126/135834.974:ERROR:process_reader_win.cc(151)] SuspendThread: Access is denied. (0x5)
[0126/135835.057:ERROR:process_reader_win.cc(151)] SuspendThread: Access is denied. (0x5)
[0126/135835.057:ERROR:process_reader_win.cc(151)] SuspendThread: Access is denied. (0x5)
[0126/135835.057:ERROR:process_reader_win.cc(151)] SuspendThread: Access is denied. (0x5)
[0126/135835.057:ERROR:process_reader_win.cc(151)] SuspendThread: Access is denied. (0x5)
[0126/135835.057:ERROR:process_reader_win.cc(151)] SuspendThread: Access is denied. (0x5)
[0126/135835.057:ERROR:process_reader_win.cc(151)] SuspendThread: Access is denied. (0x5)
[0126/135835.057:ERROR:process_reader_win.cc(151)] SuspendThread: Access is denied. (0x5)
[0126/135835.057:ERROR:exception_snapshot_win.cc(99)] thread ID 21508 not found in process
[0126/135834.974:ERROR:process_reader_win.cc(151)] SuspendThread: Access is denied. (0x5)
[0126/135835.057:ERROR:process_reader_win.cc(151)] SuspendThread: Access is denied. (0x5)
[0126/135835.057:ERROR:process_reader_win.cc(151)] SuspendThread: Access is denied. (0x5)
[0126/135835.057:ERROR:process_reader_win.cc(151)] SuspendThread: Access is denied. (0x5)
[0126/135835.057:ERROR:process_reader_win.cc(151)] SuspendThread: Access is denied. (0x5)
[0126/135835.057:ERROR:process_reader_win.cc(151)] SuspendThread: Access is denied. (0x5)
[0126/135835.058:ERROR:process_reader_win.cc(151)] SuspendThread: Access is denied. (0x5)
[0126/135835.058:ERROR:process_reader_win.cc(151)] SuspendThread: Access is denied. (0x5)
[0126/135835.058:ERROR:process_reader_win.cc(151)] SuspendThread: Access is denied. (0x5)
[0126/135835.058:ERROR:exception_snapshot_win.cc(99)] thread ID 3552 not found in process
[0126/135834.975:ERROR:process_reader_win.cc(151)] SuspendThread: Access is denied. (0x5)
[0126/135835.058:ERROR:exception_snapshot_win.cc(99)] thread ID 25428 not found in process
[0126/135835.058:ERROR:scoped_process_suspend.cc(40)] NtResumeProcess: An attempt was made to access an exiting process. (0xc000010a)
[0126/135834.976:ERROR:process_reader_win.cc(151)] SuspendThread: Access is denied. (0x5)
[0126/135835.060:ERROR:process_reader_win.cc(151)] SuspendThread: Access is denied. (0x5)
[0126/135835.060:ERROR:exception_snapshot_win.cc(99)] thread ID 3580 not found in process
[0126/135835.062:ERROR:process_reader_win.cc(151)] SuspendThread: Access is denied. (0x5)
[0126/135835.062:ERROR:exception_snapshot_win.cc(99)] thread ID 26836 not found in process
[0126/135835.065:ERROR:process_reader_win.cc(151)] SuspendThread: Access is denied. (0x5)
[0126/135835.066:ERROR:exception_snapshot_win.cc(99)] thread ID 10764 not found in process
[0126/135835.087:ERROR:process_reader_win.cc(151)] SuspendThread: Access is denied. (0x5)
[0126/135835.087:ERROR:process_reader_win.cc(151)] SuspendThread: Access is denied. (0x5)
[0126/135835.087:ERROR:process_reader_win.cc(151)] SuspendThread: Access is denied. (0x5)
[0126/135835.087:ERROR:process_reader_win.cc(151)] SuspendThread: Access is denied. (0x5)
[0126/135835.087:ERROR:process_reader_win.cc(151)] SuspendThread: Access is denied. (0x5)
[0126/135835.087:ERROR:process_reader_win.cc(151)] SuspendThread: Access is denied. (0x5)
[0126/135835.087:ERROR:process_reader_win.cc(151)] SuspendThread: Access is denied. (0x5)
[0126/135835.087:ERROR:process_reader_win.cc(151)] SuspendThread: Access is denied. (0x5)
[0126/135835.087:ERROR:process_reader_win.cc(151)] SuspendThread: Access is denied. (0x5)
[0126/135835.087:ERROR:process_reader_win.cc(151)] SuspendThread: Access is denied. (0x5)
[0126/135835.087:ERROR:exception_snapshot_win.cc(99)] thread ID 27168 not found in process
[0126/135835.089:ERROR:process_reader_win.cc(151)] SuspendThread: Access is denied. (0x5)
[0126/135835.089:ERROR:process_reader_win.cc(151)] SuspendThread: Access is denied. (0x5)
[0126/135835.089:ERROR:process_reader_win.cc(151)] SuspendThread: Access is denied. (0x5)
[0126/135835.089:ERROR:process_reader_win.cc(151)] SuspendThread: Access is denied. (0x5)
[0126/135835.089:ERROR:process_reader_win.cc(151)] SuspendThread: Access is denied. (0x5)
[0126/135835.089:ERROR:process_reader_win.cc(151)] SuspendThread: Access is denied. (0x5)
[0126/135835.089:ERROR:process_reader_win.cc(151)] SuspendThread: Access is denied. (0x5)
[0126/135835.089:ERROR:process_reader_win.cc(151)] SuspendThread: Access is denied. (0x5)
[0126/135835.090:ERROR:exception_snapshot_win.cc(99)] thread ID 18812 not found in process
[0126/135835.101:ERROR:process_reader_win.cc(151)] SuspendThread: Access is denied. (0x5)
[0126/135835.101:ERROR:process_reader_win.cc(151)] SuspendThread: Access is denied. (0x5)
[0126/135835.101:ERROR:process_reader_win.cc(151)] SuspendThread: Access is denied. (0x5)
[0126/135835.101:ERROR:process_reader_win.cc(151)] SuspendThread: Access is denied. (0x5)
[0126/135835.101:ERROR:process_reader_win.cc(151)] SuspendThread: Access is denied. (0x5)
[0126/135835.101:ERROR:process_reader_win.cc(151)] SuspendThread: Access is denied. (0x5)
[0126/135835.101:ERROR:process_reader_win.cc(151)] SuspendThread: Access is denied. (0x5)
[0126/135835.101:ERROR:process_reader_win.cc(151)] SuspendThread: Access is denied. (0x5)
[0126/135835.101:ERROR:process_reader_win.cc(123)] NtOpenThread: {Access Denied} A process has requested access to an object, but has not been granted those access rights. (0xc0000022)
[0126/135835.101:ERROR:exception_snapshot_win.cc(99)] thread ID 16864 not found in process
[0126/135835.106:ERROR:process_reader_win.cc(151)] SuspendThread: Access is denied. (0x5)
[0126/135835.106:ERROR:process_reader_win.cc(151)] SuspendThread: Access is denied. (0x5)
[0126/135835.106:ERROR:process_reader_win.cc(151)] SuspendThread: Access is denied. (0x5)
[0126/135835.106:ERROR:process_reader_win.cc(151)] SuspendThread: Access is denied. (0x5)
[0126/135835.106:ERROR:process_reader_win.cc(151)] SuspendThread: Access is denied. (0x5)
[0126/135835.106:ERROR:process_reader_win.cc(151)] SuspendThread: Access is denied. (0x5)
[0126/135835.106:ERROR:process_reader_win.cc(151)] SuspendThread: Access is denied. (0x5)
[0126/135835.106:ERROR:process_reader_win.cc(151)] SuspendThread: Access is denied. (0x5)
[0126/135835.106:ERROR:process_reader_win.cc(123)] NtOpenThread: {Access Denied} A process has requested access to an object, but has not been granted those access rights. (0xc0000022)
[0126/135835.106:ERROR:exception_snapshot_win.cc(99)] thread ID 15696 not found in process
[0126/135835.108:ERROR:process_reader_win.cc(151)] SuspendThread: Access is denied. (0x5)
[0126/135835.108:ERROR:process_reader_win.cc(151)] SuspendThread: Access is denied. (0x5)
[0126/135835.108:ERROR:process_reader_win.cc(151)] SuspendThread: Access is denied. (0x5)
[0126/135835.108:ERROR:process_reader_win.cc(151)] SuspendThread: Access is denied. (0x5)
[0126/135835.108:ERROR:process_reader_win.cc(151)] SuspendThread: Access is denied. (0x5)
[0126/135835.108:ERROR:process_reader_win.cc(151)] SuspendThread: Access is denied. (0x5)
[0126/135835.108:ERROR:process_reader_win.cc(151)] SuspendThread: Access is denied. (0x5)
[0126/135835.108:ERROR:process_reader_win.cc(151)] SuspendThread: Access is denied. (0x5)
[0126/135835.108:ERROR:process_reader_win.cc(151)] SuspendThread: Access is denied. (0x5)
[0126/135835.108:ERROR:process_reader_win.cc(151)] SuspendThread: Access is denied. (0x5)
[0126/135835.108:ERROR:process_reader_win.cc(123)] NtOpenThread: {Access Denied} A process has requested access to an object, but has not been granted those access rights. (0xc0000022)
[0126/135835.108:ERROR:exception_snapshot_win.cc(99)] thread ID 10320 not found in process
